[11.3.2026 г., во 13:19:44] [GET] [/show/mine] User:[guest
]
[11.3.2026 г., во 13:19:45] [GET] [/show/mine] User:[guest
]
[11.3.2026 г., во 13:19:47] [GET] [/show/mine] User:[guest
]
[11.3.2026 г., во 13:56:45] [GET] [/show] User:[guest
]
[11.3.2026 г., во 13:59:49] [POST] [/createbyuser] User:[Ani
]| Data: {"title":"Bones","year":2005,"imdbRating":7.8}
[11.3.2026 г., во 14:01:09] [PATCH] [/show/69b16745a81fdcf9b2fc1a1b] User:[Ani
]
[11.3.2026 г., во 14:03:41] [GET] [/show] User:[guest
]
[11.3.2026 г., во 14:04:49] [POST] [/show] User:[Ani
]| Data: {"title":"Bones","year":2005,"imdbRating":7.8}
[11.3.2026 г., во 14:04:55] [POST] [/show] User:[Ani
]| Data: {"title":"Bones2","year":2005,"imdbRating":7.8}
[11.3.2026 г., во 14:05:44] [DELETE] [/show/69b16877a81fdcf9b2fc1a39] User:[Ani
]| Data: {"title":"Bones2","year":2005,"imdbRating":7.8}
[11.3.2026 г., во 14:06:29] [POST] [/show] User:[Ani
]| Data: {"title":"Bones2","year":2005,"imdbRating":7.8}
[11.3.2026 г., во 14:06:58] [DELETE] [/show/69b168d5494c4e5e4df963d1] User:[Ani
]| Data: {"title":"Bones2","year":2005,"imdbRating":7.8}
[11.3.2026 г., во 18:18:12] [GET] [/show] User:[guest
]
[11.3.2026 г., во 18:18:31] [GET] [/show] User:[guest
]
[11.3.2026 г., во 18:31:41] [GET] [/show] User:[guest
]Role: none
[11.3.2026 г., во 18:31:55] [GET] [/viewshows] User:[guest
]Role: none
[11.3.2026 г., во 18:34:43] [GET] [/viewshows/69aac2ec8c22f92a87fa7503] User:[Ani
]Role: admin
[11.3.2026 г., во 18:34:50] [GET] [/viewshows] User:[guest
]Role: none
[11.3.2026 г., во 18:35:05] [GET] [/viewshows/69b16745a81fdcf9b2fc1a1b] User:[Ani
]Role: admin
[11.3.2026 г., во 18:35:08] [GET] [/viewshows/69aff1fa156ced27cb30edf6] User:[Ani
]Role: admin
[11.3.2026 г., во 18:35:10] [GET] [/viewshows/69aff156156ced27cb30edf0] User:[Ani
]Role: admin
[11.3.2026 г., во 18:35:14] [GET] [/viewshows/69aff156156ced27cb30edf0] User:[Ani
]Role: admin
[11.3.2026 г., во 18:37:29] [DELETE] [/show/69aff156156ced27cb30edf0] User:[Ani
]Role: admin| Data: {"picture":"http://localhost:12000/img/shows/show-fb93a91c-5803-4cc1-8128-90c7213b708a-1773229766667.webp","imdbRating":7.9,"year":2018}
[11.3.2026 г., во 18:37:30] [GET] [/viewshows/69aff156156ced27cb30edf0] User:[Ani
]Role: admin
[11.3.2026 г., во 18:37:37] [GET] [/viewshows] User:[guest
]Role: none
[11.3.2026 г., во 18:38:37] [POST] [/createbyuser] User:[Ani
]Role: admin| Data: {"title":"9-1-1","picture":"http://localhost:12000/img/shows/show-fb93a91c-5803-4cc1-8128-90c7213b708a-1773229766667.webp","imdbRating":7.9,"year":2018}
[11.3.2026 г., во 18:38:39] [GET] [/viewshows] User:[guest
]Role: none
[11.3.2026 г., во 18:39:26] [PATCH] [/show/69b1a89daab68b7bbf4bc2c9] User:[Ani
]Role: admin
[11.3.2026 г., во 18:40:33] [PATCH] [/show/69b1a89daab68b7bbf4bc2c9] User:[Ani
]Role: admin
[11.3.2026 г., во 18:41:17] [PATCH] [/show/69b1a89daab68b7bbf4bc2c9] User:[Ani
]Role: admin
[11.3.2026 г., во 18:41:54] [GET] [/viewshows/69b1a89daab68b7bbf4bc2c9] User:[Ani
]Role: admin
[11.3.2026 г., во 18:42:19] [PATCH] [/show/69b1a89daab68b7bbf4bc2c9] User:[Ani
]Role: admin
[11.3.2026 г., во 18:44:07] [PATCH] [/show/69b1a89daab68b7bbf4bc2c9] User:[Ani
]Role: admin
[11.3.2026 г., во 18:45:43] [GET] [/viewshows] User:[guest
]Role: none
[11.3.2026 г., во 18:46:07] [PATCH] [/show/69b168d5494c4e5e4df963d1] User:[Ani
]Role: admin
[11.3.2026 г., во 18:46:49] [PATCH] [/show/69b168d5494c4e5e4df963d1] User:[Ani
]Role: admin
[11.3.2026 г., во 18:48:05] [PATCH] [/show/69b168d5494c4e5e4df963d1] User:[Ani
]Role: admin
[11.3.2026 г., во 19:35:14] [PATCH] [/show/69b168d5494c4e5e4df963d1] User:[Ani
]Role: admin
[11.3.2026 г., во 19:36:29] [GET] [/show] User:[guest
]Role: none
[11.3.2026 г., во 19:36:32] [GET] [/viewshows/69b005bae3af73708f64634e] User:[Ani
]Role: admin
[11.3.2026 г., во 19:36:37] [GET] [/viewshows] User:[guest
]Role: none
[11.3.2026 г., во 19:41:21] [PATCH] [/show/69b168d5494c4e5e4df963d1] User:[Ani
]Role: admin
[11.3.2026 г., во 19:42:19] [PATCH] [/show/69b168d5494c4e5e4df963d1] User:[Ani
]Role: admin
[11.3.2026 г., во 19:42:31] [GET] [/viewshows/69b1a89daab68b7bbf4bc2c9] User:[Ani
]Role: admin
[11.3.2026 г., во 19:42:38] [GET] [/viewshows/69b1a89daab68b7bbf4bc2c9] User:[Ani
]Role: admin
[11.3.2026 г., во 19:42:51] [PATCH] [/show/69b1a89daab68b7bbf4bc2c9] User:[Ani
]Role: admin
[11.3.2026 г., во 19:43:16] [GET] [/viewshows] User:[guest
]Role: none
[11.3.2026 г., во 19:43:17] [GET] [/viewshows] User:[guest
]Role: none
[11.3.2026 г., во 19:43:25] [GET] [/viewshows/69b1a89daab68b7bbf4bc2c9] User:[Ani
]Role: admin
